<?xml version="1.0" encoding="UTF-8"?>
<!-- Generated by org.testng.reporters.JUnitXMLReporter -->
<testsuite ignored="0" hostname="LAPTOP-8097H54N" failures="3" tests="14" name="Test" time="58.581" errors="0" timestamp="2021-04-05T03:13:49 IST">
  <testcase classname="DashboardTests.DashboardTestcases" name="irrelevantsearch" time="0.606"/>
  <testcase classname="DashboardTests.DashboardTestcases" name="dashboardname" time="0.343"/>
  <testcase classname="DashboardTests.DashboardTestcases" name="verifyilogoTest" time="0.274"/>
  <testcase classname="DashboardTests.DashboardTestcases" name="pageTitle" time="0.008"/>
  <testcase classname="DashboardTests.DashboardTestcases" name="ClickHome" time="0.457"/>
  <testcase classname="DashboardTests.DashboardTestcases" name="ClickDuplica" time="0.446"/>
  <testcase classname="DashboardTests.DashboardTestcases" name="ClickExportData" time="0.444"/>
  <testcase classname="DashboardTests.DashboardTestcases" name="LogoClickReturn" time="0.866"/>
  <testcase classname="DashboardTests.DashboardTestcases" name="DateTimewronginput" time="0.753"/>
  <testcase classname="DashboardTests.DashboardTestcases" name="editable" time="0.629">
    <failure type="java.lang.AssertionError" message="The Dashboard name is not editable as attributes not matching with expected expected [title title-editable] but found [title]">
      <![CDATA[java.lang.AssertionError: The Dashboard name is not editable as attributes not matching with expected expected [title title-editable] but found [title]
at DashboardTests.DashboardTestcases.editable(DashboardTestcases.java:139)
at java.base/java.util.ArrayList.forEach(ArrayList.java:1511)
... Removed 32 stack frames]]>
    </failure>
  </testcase> <!-- editable -->
  <testcase classname="DashboardTests.DashboardTestcases" name="AddwidgetDisabled" time="0.42">
    <failure type="java.lang.AssertionError" message="As per user manual button should be enabled expected [btn btn-primary] but found [btn btn-default disabled]">
      <![CDATA[java.lang.AssertionError: As per user manual button should be enabled expected [btn btn-primary] but found [btn btn-default disabled]
at DashboardTests.DashboardTestcases.AddwidgetDisabled(DashboardTestcases.java:149)
at java.base/java.util.ArrayList.forEach(ArrayList.java:1511)
... Removed 32 stack frames]]>
    </failure>
  </testcase> <!-- AddwidgetDisabled -->
  <testcase classname="DashboardTests.DashboardTestcases" name="ShareDisabled" time="0.413">
    <failure type="java.lang.AssertionError" message="As per user manual button should be enabled expected [btn btn-primary] but found [btn btn-default disabled]">
      <![CDATA[java.lang.AssertionError: As per user manual button should be enabled expected [btn btn-primary] but found [btn btn-default disabled]
at DashboardTests.DashboardTestcases.ShareDisabled(DashboardTestcases.java:159)
at java.base/java.util.ArrayList.forEach(ArrayList.java:1511)
... Removed 32 stack frames]]>
    </failure>
  </testcase> <!-- ShareDisabled -->
  <testcase classname="DashboardTests.DashboardTestcases" name="NoDuplicates" time="0.828"/>
  <testcase classname="DashboardTests.DashboardTestcases" name="verifyblogoTest" time="0.031"/>
</testsuite> <!-- Test -->
